mode: set
github.com/myml/linglong-tools/pkg/layer/layer.go:20.67,23.16 3 1
github.com/myml/linglong-tools/pkg/layer/layer.go:23.16,25.3 1 1
github.com/myml/linglong-tools/pkg/layer/layer.go:26.2,30.16 5 1
github.com/myml/linglong-tools/pkg/layer/layer.go:30.16,32.3 1 1
github.com/myml/linglong-tools/pkg/layer/layer.go:33.2,34.16 2 1
github.com/myml/linglong-tools/pkg/layer/layer.go:34.16,36.3 1 1
github.com/myml/linglong-tools/pkg/layer/layer.go:37.2,39.16 3 1
github.com/myml/linglong-tools/pkg/layer/layer.go:39.16,41.3 1 1
github.com/myml/linglong-tools/pkg/layer/layer.go:42.2,42.27 1 1
github.com/myml/linglong-tools/pkg/layer/layer.go:42.27,44.3 1 1
github.com/myml/linglong-tools/pkg/layer/layer.go:44.8,46.3 1 1
github.com/myml/linglong-tools/pkg/layer/layer.go:47.2,47.31 1 1
github.com/myml/linglong-tools/pkg/layer/layer.go:47.31,49.3 1 0
github.com/myml/linglong-tools/pkg/layer/layer.go:50.2,52.19 3 1
github.com/myml/linglong-tools/pkg/layer/layer.go:63.48,65.16 2 1
github.com/myml/linglong-tools/pkg/layer/layer.go:65.16,67.3 1 0
github.com/myml/linglong-tools/pkg/layer/layer.go:68.2,73.16 5 1
github.com/myml/linglong-tools/pkg/layer/layer.go:73.16,75.3 1 0
github.com/myml/linglong-tools/pkg/layer/layer.go:77.2,78.16 2 1
github.com/myml/linglong-tools/pkg/layer/layer.go:78.16,80.3 1 0
github.com/myml/linglong-tools/pkg/layer/layer.go:82.2,82.35 1 1
github.com/myml/linglong-tools/pkg/layer/layer.go:82.35,84.17 2 1
github.com/myml/linglong-tools/pkg/layer/layer.go:84.17,86.4 1 0
github.com/myml/linglong-tools/pkg/layer/layer.go:87.3,88.69 2 1
github.com/myml/linglong-tools/pkg/layer/layer.go:89.8,92.3 2 1
github.com/myml/linglong-tools/pkg/layer/layer.go:94.2,94.24 1 1
github.com/myml/linglong-tools/pkg/layer/layer.go:98.31,100.2 1 0
github.com/myml/linglong-tools/pkg/layer/layer.go:102.32,104.2 1 1
github.com/myml/linglong-tools/pkg/layer/layer.go:106.49,108.16 2 1
github.com/myml/linglong-tools/pkg/layer/layer.go:108.16,110.3 1 0
github.com/myml/linglong-tools/pkg/layer/layer.go:111.2,112.16 2 1
github.com/myml/linglong-tools/pkg/layer/layer.go:112.16,114.3 1 0
github.com/myml/linglong-tools/pkg/layer/layer.go:115.2,115.17 1 1
github.com/myml/linglong-tools/pkg/layer/layer.go:115.17,117.17 2 1
github.com/myml/linglong-tools/pkg/layer/layer.go:117.17,119.4 1 0
github.com/myml/linglong-tools/pkg/layer/layer.go:121.2,121.12 1 1
github.com/myml/linglong-tools/pkg/layer/layer.go:124.53,126.16 2 1
github.com/myml/linglong-tools/pkg/layer/layer.go:126.16,128.3 1 0
github.com/myml/linglong-tools/pkg/layer/layer.go:129.2,131.16 3 1
github.com/myml/linglong-tools/pkg/layer/layer.go:131.16,133.3 1 0
github.com/myml/linglong-tools/pkg/layer/layer.go:134.2,135.16 2 1
github.com/myml/linglong-tools/pkg/layer/layer.go:135.16,137.3 1 0
github.com/myml/linglong-tools/pkg/layer/layer.go:138.2,138.12 1 1
github.com/myml/linglong-tools/pkg/layer/layer.go:141.52,143.16 2 1
github.com/myml/linglong-tools/pkg/layer/layer.go:143.16,145.3 1 0
github.com/myml/linglong-tools/pkg/layer/layer.go:146.2,148.16 3 1
github.com/myml/linglong-tools/pkg/layer/layer.go:148.16,150.3 1 0
github.com/myml/linglong-tools/pkg/layer/layer.go:151.2,152.16 2 1
github.com/myml/linglong-tools/pkg/layer/layer.go:152.16,154.3 1 0
github.com/myml/linglong-tools/pkg/layer/layer.go:155.2,157.16 3 1
github.com/myml/linglong-tools/pkg/layer/layer.go:157.16,159.3 1 0
github.com/myml/linglong-tools/pkg/layer/layer.go:160.2,160.12 1 1
github.com/myml/linglong-tools/pkg/layer/layer.go:163.69,169.16 5 1
github.com/myml/linglong-tools/pkg/layer/layer.go:169.16,171.3 1 0
github.com/myml/linglong-tools/pkg/layer/layer.go:172.2,176.16 3 1
github.com/myml/linglong-tools/pkg/layer/layer.go:176.16,178.3 1 0
github.com/myml/linglong-tools/pkg/layer/layer.go:179.2,182.16 3 1
github.com/myml/linglong-tools/pkg/layer/layer.go:182.16,184.3 1 0
github.com/myml/linglong-tools/pkg/layer/layer.go:185.2,186.16 2 1
github.com/myml/linglong-tools/pkg/layer/layer.go:186.16,188.3 1 0
github.com/myml/linglong-tools/pkg/layer/layer.go:190.2,193.16 4 1
github.com/myml/linglong-tools/pkg/layer/layer.go:193.16,195.3 1 0
github.com/myml/linglong-tools/pkg/layer/layer.go:196.2,197.16 2 1
github.com/myml/linglong-tools/pkg/layer/layer.go:197.16,199.3 1 0
github.com/myml/linglong-tools/pkg/layer/layer.go:200.2,201.16 2 1
github.com/myml/linglong-tools/pkg/layer/layer.go:201.16,203.3 1 0
github.com/myml/linglong-tools/pkg/layer/layer.go:204.2,205.16 2 1
github.com/myml/linglong-tools/pkg/layer/layer.go:205.16,207.3 1 0
github.com/myml/linglong-tools/pkg/layer/layer.go:208.2,210.16 3 1
github.com/myml/linglong-tools/pkg/layer/layer.go:210.16,212.3 1 0
github.com/myml/linglong-tools/pkg/layer/layer.go:214.2,215.16 2 1
github.com/myml/linglong-tools/pkg/layer/layer.go:215.16,217.3 1 0
github.com/myml/linglong-tools/pkg/layer/layer.go:219.2,220.16 2 1
github.com/myml/linglong-tools/pkg/layer/layer.go:220.16,222.3 1 0
github.com/myml/linglong-tools/pkg/layer/layer.go:223.2,224.16 2 1
github.com/myml/linglong-tools/pkg/layer/layer.go:224.16,226.3 1 0
github.com/myml/linglong-tools/pkg/layer/layer.go:227.2,228.16 2 1
github.com/myml/linglong-tools/pkg/layer/layer.go:228.16,230.3 1 0
github.com/myml/linglong-tools/pkg/layer/layer.go:231.2,232.16 2 1
github.com/myml/linglong-tools/pkg/layer/layer.go:232.16,234.3 1 0
github.com/myml/linglong-tools/pkg/layer/layer.go:235.2,235.12 1 1
github.com/myml/linglong-tools/pkg/tarutils/tar.go:15.63,17.16 2 1
github.com/myml/linglong-tools/pkg/tarutils/tar.go:17.16,19.3 1 0
github.com/myml/linglong-tools/pkg/tarutils/tar.go:20.2,21.16 2 1
github.com/myml/linglong-tools/pkg/tarutils/tar.go:21.16,23.3 1 0
github.com/myml/linglong-tools/pkg/tarutils/tar.go:24.2,25.16 2 1
github.com/myml/linglong-tools/pkg/tarutils/tar.go:25.16,27.3 1 0
github.com/myml/linglong-tools/pkg/tarutils/tar.go:28.2,30.16 3 1
github.com/myml/linglong-tools/pkg/tarutils/tar.go:30.16,32.3 1 0
github.com/myml/linglong-tools/pkg/tarutils/tar.go:33.2,33.18 1 1
github.com/myml/linglong-tools/pkg/tarutils/tar.go:33.18,35.3 1 0
github.com/myml/linglong-tools/pkg/tarutils/tar.go:36.2,37.16 2 1
github.com/myml/linglong-tools/pkg/tarutils/tar.go:37.16,39.3 1 0
github.com/myml/linglong-tools/pkg/tarutils/tar.go:40.2,42.16 3 1
github.com/myml/linglong-tools/pkg/tarutils/tar.go:42.16,44.3 1 0
github.com/myml/linglong-tools/pkg/tarutils/tar.go:45.2,45.12 1 1
github.com/myml/linglong-tools/pkg/tarutils/tar.go:49.47,51.15 2 1
github.com/myml/linglong-tools/pkg/tarutils/tar.go:51.15,52.36 1 1
github.com/myml/linglong-tools/pkg/tarutils/tar.go:52.36,54.4 1 0
github.com/myml/linglong-tools/pkg/tarutils/tar.go:56.2,56.81 1 1
github.com/myml/linglong-tools/pkg/tarutils/tar.go:56.81,57.17 1 1
github.com/myml/linglong-tools/pkg/tarutils/tar.go:57.17,59.4 1 0
github.com/myml/linglong-tools/pkg/tarutils/tar.go:60.3,60.18 1 1
github.com/myml/linglong-tools/pkg/tarutils/tar.go:60.18,62.4 1 1
github.com/myml/linglong-tools/pkg/tarutils/tar.go:63.3,63.40 1 1
github.com/myml/linglong-tools/pkg/tarutils/tar.go:66.2,66.16 1 1
github.com/myml/linglong-tools/pkg/tarutils/tar.go:66.16,68.3 1 0
github.com/myml/linglong-tools/pkg/tarutils/tar.go:69.2,69.12 1 1
github.com/myml/linglong-tools/pkg/tarutils/tar.go:73.54,75.6 2 1
github.com/myml/linglong-tools/pkg/tarutils/tar.go:75.6,77.17 2 1
github.com/myml/linglong-tools/pkg/tarutils/tar.go:77.17,78.21 1 1
github.com/myml/linglong-tools/pkg/tarutils/tar.go:78.21,79.10 1 1
github.com/myml/linglong-tools/pkg/tarutils/tar.go:81.4,81.48 1 0
github.com/myml/linglong-tools/pkg/tarutils/tar.go:83.3,84.26 2 1
github.com/myml/linglong-tools/pkg/tarutils/tar.go:85.20,87.53 2 1
github.com/myml/linglong-tools/pkg/tarutils/tar.go:87.53,89.5 1 0
github.com/myml/linglong-tools/pkg/tarutils/tar.go:90.4,91.18 2 1
github.com/myml/linglong-tools/pkg/tarutils/tar.go:91.18,93.5 1 0
github.com/myml/linglong-tools/pkg/tarutils/tar.go:94.4,95.57 2 1
github.com/myml/linglong-tools/pkg/tarutils/tar.go:95.57,97.5 1 0
github.com/myml/linglong-tools/pkg/tarutils/tar.go:100.2,100.12 1 1
github.com/myml/linglong-tools/pkg/tarutils/tar.go:104.57,110.12 6 1
github.com/myml/linglong-tools/pkg/tarutils/tar.go:110.12,112.17 2 1
github.com/myml/linglong-tools/pkg/tarutils/tar.go:112.17,114.4 1 0
github.com/myml/linglong-tools/pkg/tarutils/tar.go:115.3,115.12 1 1
github.com/myml/linglong-tools/pkg/tarutils/tar.go:117.2,117.15 1 1
github.com/myml/linglong-tools/pkg/erofs/erofs.go:17.39,20.16 2 1
github.com/myml/linglong-tools/pkg/erofs/erofs.go:20.16,22.3 1 0
github.com/myml/linglong-tools/pkg/erofs/erofs.go:23.2,24.16 2 1
github.com/myml/linglong-tools/pkg/erofs/erofs.go:24.16,26.3 1 0
github.com/myml/linglong-tools/pkg/erofs/erofs.go:27.2,30.18 2 1
github.com/myml/linglong-tools/pkg/erofs/erofs.go:34.84,35.25 1 1
github.com/myml/linglong-tools/pkg/erofs/erofs.go:35.25,41.17 2 1
github.com/myml/linglong-tools/pkg/erofs/erofs.go:41.17,43.4 1 0
github.com/myml/linglong-tools/pkg/erofs/erofs.go:44.3,44.13 1 1
github.com/myml/linglong-tools/pkg/erofs/erofs.go:47.2,48.16 2 1
github.com/myml/linglong-tools/pkg/erofs/erofs.go:48.16,50.3 1 0
github.com/myml/linglong-tools/pkg/erofs/erofs.go:51.2,51.15 1 1
github.com/myml/linglong-tools/pkg/erofs/erofs.go:51.15,54.3 2 1
github.com/myml/linglong-tools/pkg/erofs/erofs.go:55.2,56.16 2 1
github.com/myml/linglong-tools/pkg/erofs/erofs.go:56.16,58.3 1 0
github.com/myml/linglong-tools/pkg/erofs/erofs.go:59.2,61.16 3 1
github.com/myml/linglong-tools/pkg/erofs/erofs.go:61.16,63.3 1 0
github.com/myml/linglong-tools/pkg/erofs/erofs.go:64.2,64.17 1 1
github.com/myml/linglong-tools/pkg/erofs/erofs.go:64.17,66.17 2 1
github.com/myml/linglong-tools/pkg/erofs/erofs.go:66.17,68.4 1 0
github.com/myml/linglong-tools/pkg/erofs/erofs.go:69.8,71.17 2 1
github.com/myml/linglong-tools/pkg/erofs/erofs.go:71.17,73.4 1 0
github.com/myml/linglong-tools/pkg/erofs/erofs.go:75.2,76.16 2 1
github.com/myml/linglong-tools/pkg/erofs/erofs.go:76.16,78.3 1 0
github.com/myml/linglong-tools/pkg/erofs/erofs.go:79.2,83.16 2 1
github.com/myml/linglong-tools/pkg/erofs/erofs.go:83.16,85.3 1 0
github.com/myml/linglong-tools/pkg/erofs/erofs.go:86.2,86.12 1 1
github.com/myml/linglong-tools/pkg/erofs/erofs.go:90.60,95.16 2 1
github.com/myml/linglong-tools/pkg/erofs/erofs.go:95.16,97.3 1 0
github.com/myml/linglong-tools/pkg/erofs/erofs.go:98.2,98.12 1 1
github.com/myml/linglong-tools/pkg/uab/uab.go:27.38,29.16 2 1
github.com/myml/linglong-tools/pkg/uab/uab.go:29.16,31.3 1 0
github.com/myml/linglong-tools/pkg/uab/uab.go:33.2,34.16 2 1
github.com/myml/linglong-tools/pkg/uab/uab.go:34.16,36.3 1 0
github.com/myml/linglong-tools/pkg/uab/uab.go:38.2,38.34 1 1
github.com/myml/linglong-tools/pkg/uab/uab.go:38.34,40.3 1 0
github.com/myml/linglong-tools/pkg/uab/uab.go:42.2,43.16 2 1
github.com/myml/linglong-tools/pkg/uab/uab.go:43.16,45.3 1 0
github.com/myml/linglong-tools/pkg/uab/uab.go:47.2,48.21 2 1
github.com/myml/linglong-tools/pkg/uab/uab.go:48.21,50.3 1 0
github.com/myml/linglong-tools/pkg/uab/uab.go:52.2,55.16 4 1
github.com/myml/linglong-tools/pkg/uab/uab.go:55.16,57.3 1 0
github.com/myml/linglong-tools/pkg/uab/uab.go:59.2,59.37 1 1
github.com/myml/linglong-tools/pkg/uab/uab.go:59.37,61.3 1 0
github.com/myml/linglong-tools/pkg/uab/uab.go:63.2,65.16 3 1
github.com/myml/linglong-tools/pkg/uab/uab.go:65.16,67.3 1 0
github.com/myml/linglong-tools/pkg/uab/uab.go:69.2,69.41 1 1
github.com/myml/linglong-tools/pkg/uab/uab.go:72.29,74.16 2 1
github.com/myml/linglong-tools/pkg/uab/uab.go:74.16,76.3 1 0
github.com/myml/linglong-tools/pkg/uab/uab.go:78.2,78.22 1 1
github.com/myml/linglong-tools/pkg/uab/uab.go:81.48,83.2 1 1
github.com/myml/linglong-tools/pkg/uab/uab.go:86.47,89.12 3 1
github.com/myml/linglong-tools/pkg/uab/uab.go:89.12,91.3 1 0
github.com/myml/linglong-tools/pkg/uab/uab.go:93.2,94.19 2 1
github.com/myml/linglong-tools/pkg/uab/uab.go:94.19,96.3 1 0
github.com/myml/linglong-tools/pkg/uab/uab.go:97.2,98.16 2 1
github.com/myml/linglong-tools/pkg/uab/uab.go:98.16,100.3 1 0
github.com/myml/linglong-tools/pkg/uab/uab.go:101.2,102.16 2 1
github.com/myml/linglong-tools/pkg/uab/uab.go:102.16,104.3 1 0
github.com/myml/linglong-tools/pkg/uab/uab.go:106.2,106.17 1 1
github.com/myml/linglong-tools/pkg/uab/uab.go:106.17,108.17 2 0
github.com/myml/linglong-tools/pkg/uab/uab.go:108.17,110.4 1 0
github.com/myml/linglong-tools/pkg/uab/uab.go:111.3,114.49 4 0
github.com/myml/linglong-tools/pkg/uab/uab.go:114.49,116.4 1 0
github.com/myml/linglong-tools/pkg/uab/uab.go:117.3,118.17 2 0
github.com/myml/linglong-tools/pkg/uab/uab.go:118.17,120.4 1 0
github.com/myml/linglong-tools/pkg/uab/uab.go:123.2,123.12 1 1
github.com/myml/linglong-tools/pkg/uab/uab.go:126.64,128.12 2 0
github.com/myml/linglong-tools/pkg/uab/uab.go:128.12,130.3 1 0
github.com/myml/linglong-tools/pkg/uab/uab.go:132.2,136.16 3 0
github.com/myml/linglong-tools/pkg/uab/uab.go:136.16,138.3 1 0
github.com/myml/linglong-tools/pkg/uab/uab.go:140.2,140.12 1 0
github.com/myml/linglong-tools/pkg/uab/uab.go:144.61,146.35 2 0
github.com/myml/linglong-tools/pkg/uab/uab.go:146.35,148.3 1 0
github.com/myml/linglong-tools/pkg/uab/uab.go:150.2,151.16 2 0
github.com/myml/linglong-tools/pkg/uab/uab.go:151.16,153.3 1 0
github.com/myml/linglong-tools/pkg/uab/uab.go:154.2,154.15 1 0
github.com/myml/linglong-tools/pkg/uab/uab.go:154.15,157.3 2 0
github.com/myml/linglong-tools/pkg/uab/uab.go:158.2,159.16 2 0
github.com/myml/linglong-tools/pkg/uab/uab.go:159.16,161.3 1 0
github.com/myml/linglong-tools/pkg/uab/uab.go:162.2,163.16 2 0
github.com/myml/linglong-tools/pkg/uab/uab.go:163.16,165.3 1 0
github.com/myml/linglong-tools/pkg/uab/uab.go:166.2,166.49 1 0
github.com/myml/linglong-tools/pkg/uab/uab.go:170.30,174.2 3 1
github.com/myml/linglong-tools/pkg/uab/uab.go:176.33,179.23 3 0
github.com/myml/linglong-tools/pkg/uab/uab.go:179.23,181.3 1 0
github.com/myml/linglong-tools/pkg/uab/uab.go:182.2,182.24 1 0
github.com/myml/linglong-tools/pkg/uab/uab.go:186.50,189.24 3 0
github.com/myml/linglong-tools/pkg/uab/uab.go:189.24,190.35 1 0
github.com/myml/linglong-tools/pkg/uab/uab.go:190.35,192.4 1 0
github.com/myml/linglong-tools/pkg/uab/uab.go:194.2,194.75 1 0
github.com/myml/linglong-tools/pkg/uab/uab.go:198.46,200.16 2 0
github.com/myml/linglong-tools/pkg/uab/uab.go:200.16,202.3 1 0
github.com/myml/linglong-tools/pkg/uab/uab.go:203.2,203.59 1 0
github.com/myml/linglong-tools/pkg/uab/uab.go:207.51,210.23 3 0
github.com/myml/linglong-tools/pkg/uab/uab.go:210.23,212.3 1 0
github.com/myml/linglong-tools/pkg/uab/uab.go:213.2,215.6 3 0
github.com/myml/linglong-tools/pkg/uab/uab.go:215.6,217.17 2 0
github.com/myml/linglong-tools/pkg/uab/uab.go:217.17,218.21 1 0
github.com/myml/linglong-tools/pkg/uab/uab.go:218.21,219.10 1 0
github.com/myml/linglong-tools/pkg/uab/uab.go:221.4,221.48 1 0
github.com/myml/linglong-tools/pkg/uab/uab.go:223.3,224.26 2 0
github.com/myml/linglong-tools/pkg/uab/uab.go:225.20,227.53 2 0
github.com/myml/linglong-tools/pkg/uab/uab.go:227.53,229.5 1 0
github.com/myml/linglong-tools/pkg/uab/uab.go:230.4,231.18 2 0
github.com/myml/linglong-tools/pkg/uab/uab.go:231.18,233.5 1 0
github.com/myml/linglong-tools/pkg/uab/uab.go:234.4,235.57 2 0
github.com/myml/linglong-tools/pkg/uab/uab.go:235.57,237.5 1 0
github.com/myml/linglong-tools/pkg/uab/uab.go:240.2,240.12 1 0
github.com/myml/linglong-tools/pkg/uab/uab.go:243.50,246.12 3 0
github.com/myml/linglong-tools/pkg/uab/uab.go:246.12,248.3 1 0
github.com/myml/linglong-tools/pkg/uab/uab.go:250.2,251.19 2 0
github.com/myml/linglong-tools/pkg/uab/uab.go:251.19,253.3 1 0
github.com/myml/linglong-tools/pkg/uab/uab.go:254.2,255.16 2 0
github.com/myml/linglong-tools/pkg/uab/uab.go:255.16,257.3 1 0
github.com/myml/linglong-tools/pkg/uab/uab.go:258.2,261.16 4 0
github.com/myml/linglong-tools/pkg/uab/uab.go:261.16,263.3 1 0
github.com/myml/linglong-tools/pkg/uab/uab.go:264.2,264.12 1 0
github.com/myml/linglong-tools/cmd/check.go:40.36,45.48 2 0
github.com/myml/linglong-tools/cmd/check.go:45.48,47.18 2 0
github.com/myml/linglong-tools/cmd/check.go:47.18,49.5 1 0
github.com/myml/linglong-tools/cmd/check.go:53.2,58.16 6 0
github.com/myml/linglong-tools/cmd/check.go:58.16,59.13 1 0
github.com/myml/linglong-tools/cmd/check.go:61.2,61.18 1 0
github.com/myml/linglong-tools/cmd/check.go:64.37,68.16 3 0
github.com/myml/linglong-tools/cmd/check.go:68.16,70.3 1 0
github.com/myml/linglong-tools/cmd/check.go:71.2,76.50 3 0
github.com/myml/linglong-tools/cmd/check.go:77.16,79.17 2 0
github.com/myml/linglong-tools/cmd/check.go:79.17,81.4 1 0
github.com/myml/linglong-tools/cmd/check.go:82.3,83.17 2 0
github.com/myml/linglong-tools/cmd/check.go:84.14,86.17 2 0
github.com/myml/linglong-tools/cmd/check.go:86.17,88.4 1 0
github.com/myml/linglong-tools/cmd/check.go:89.3,90.15 2 0
github.com/myml/linglong-tools/cmd/check.go:91.10,92.67 1 0
github.com/myml/linglong-tools/cmd/check.go:95.2,95.22 1 0
github.com/myml/linglong-tools/cmd/check.go:95.22,98.3 2 0
github.com/myml/linglong-tools/cmd/check.go:100.2,100.30 1 0
github.com/myml/linglong-tools/cmd/check.go:100.30,102.17 2 0
github.com/myml/linglong-tools/cmd/check.go:102.17,104.4 1 0
github.com/myml/linglong-tools/cmd/check.go:105.3,110.17 5 0
github.com/myml/linglong-tools/cmd/check.go:110.17,113.4 2 0
github.com/myml/linglong-tools/cmd/check.go:113.9,115.4 1 0
github.com/myml/linglong-tools/cmd/check.go:118.2,118.32 1 0
github.com/myml/linglong-tools/cmd/check.go:118.32,120.17 2 0
github.com/myml/linglong-tools/cmd/check.go:120.17,122.4 1 0
github.com/myml/linglong-tools/cmd/check.go:123.3,124.17 2 0
github.com/myml/linglong-tools/cmd/check.go:124.17,126.4 1 0
github.com/myml/linglong-tools/cmd/check.go:127.3,127.13 1 0
github.com/myml/linglong-tools/cmd/check.go:128.8,130.17 2 0
github.com/myml/linglong-tools/cmd/check.go:130.17,132.4 1 0
github.com/myml/linglong-tools/cmd/check.go:133.3,133.24 1 0
github.com/myml/linglong-tools/cmd/check.go:135.2,135.12 1 0
github.com/myml/linglong-tools/cmd/cmd.go:15.16,23.16 8 0
github.com/myml/linglong-tools/cmd/cmd.go:23.16,25.3 1 0
github.com/myml/linglong-tools/cmd/delete.go:29.13,31.2 1 1
github.com/myml/linglong-tools/cmd/delete.go:33.60,35.16 2 0
github.com/myml/linglong-tools/cmd/delete.go:35.16,37.3 1 0
github.com/myml/linglong-tools/cmd/delete.go:38.2,62.32 3 0
github.com/myml/linglong-tools/cmd/delete.go:62.32,64.3 1 0
github.com/myml/linglong-tools/cmd/delete.go:65.2,65.17 1 0
github.com/myml/linglong-tools/cmd/delete.go:65.17,67.3 1 0
github.com/myml/linglong-tools/cmd/delete.go:68.2,68.49 1 0
github.com/myml/linglong-tools/cmd/delete.go:71.37,78.48 2 1
github.com/myml/linglong-tools/cmd/delete.go:78.48,80.18 2 0
github.com/myml/linglong-tools/cmd/delete.go:80.18,82.34 2 0
github.com/myml/linglong-tools/cmd/delete.go:82.34,84.6 1 0
github.com/myml/linglong-tools/cmd/delete.go:84.11,86.6 1 0
github.com/myml/linglong-tools/cmd/delete.go:90.2,98.16 9 1
github.com/myml/linglong-tools/cmd/delete.go:98.16,99.13 1 0
github.com/myml/linglong-tools/cmd/delete.go:101.2,102.16 2 1
github.com/myml/linglong-tools/cmd/delete.go:102.16,103.13 1 0
github.com/myml/linglong-tools/cmd/delete.go:105.2,105.12 1 1
github.com/myml/linglong-tools/cmd/extract.go:22.38,35.48 2 0
github.com/myml/linglong-tools/cmd/extract.go:35.48,37.18 2 0
github.com/myml/linglong-tools/cmd/extract.go:37.18,39.5 1 0
github.com/myml/linglong-tools/cmd/extract.go:43.2,47.16 5 0
github.com/myml/linglong-tools/cmd/extract.go:47.16,48.13 1 0
github.com/myml/linglong-tools/cmd/extract.go:51.2,51.20 1 0
github.com/myml/linglong-tools/cmd/extract.go:54.41,55.45 1 0
github.com/myml/linglong-tools/cmd/extract.go:56.16,58.17 2 0
github.com/myml/linglong-tools/cmd/extract.go:58.17,60.4 1 0
github.com/myml/linglong-tools/cmd/extract.go:61.3,62.34 2 0
github.com/myml/linglong-tools/cmd/extract.go:63.14,65.17 2 0
github.com/myml/linglong-tools/cmd/extract.go:65.17,67.4 1 0
github.com/myml/linglong-tools/cmd/extract.go:68.3,69.32 2 0
github.com/myml/linglong-tools/cmd/extract.go:70.10,71.62 1 0
github.com/myml/linglong-tools/cmd/extract.go:80.59,82.30 1 0
github.com/myml/linglong-tools/cmd/extract.go:82.30,84.17 2 0
github.com/myml/linglong-tools/cmd/extract.go:84.17,86.4 1 0
github.com/myml/linglong-tools/cmd/extract.go:87.3,87.13 1 0
github.com/myml/linglong-tools/cmd/extract.go:90.2,90.26 1 0
github.com/myml/linglong-tools/cmd/extract.go:90.26,92.3 1 0
github.com/myml/linglong-tools/cmd/extract.go:94.2,95.16 2 0
github.com/myml/linglong-tools/cmd/extract.go:95.16,96.38 1 0
github.com/myml/linglong-tools/cmd/extract.go:96.38,98.4 1 0
github.com/myml/linglong-tools/cmd/extract.go:99.8,100.21 1 0
github.com/myml/linglong-tools/cmd/extract.go:100.21,102.4 1 0
github.com/myml/linglong-tools/cmd/extract.go:104.2,105.16 2 0
github.com/myml/linglong-tools/cmd/extract.go:105.16,107.3 1 0
github.com/myml/linglong-tools/cmd/extract.go:108.2,108.12 1 0
github.com/myml/linglong-tools/cmd/info.go:23.35,36.48 2 0
github.com/myml/linglong-tools/cmd/info.go:36.48,38.18 2 0
github.com/myml/linglong-tools/cmd/info.go:38.18,40.5 1 0
github.com/myml/linglong-tools/cmd/info.go:44.2,48.16 5 0
github.com/myml/linglong-tools/cmd/info.go:48.16,49.13 1 0
github.com/myml/linglong-tools/cmd/info.go:51.2,51.17 1 0
github.com/myml/linglong-tools/cmd/info.go:56.35,57.50 1 1
github.com/myml/linglong-tools/cmd/info.go:58.16,59.25 1 1
github.com/myml/linglong-tools/cmd/info.go:60.14,61.23 1 0
github.com/myml/linglong-tools/cmd/info.go:62.10,63.67 1 0
github.com/myml/linglong-tools/cmd/info.go:67.37,70.16 2 1
github.com/myml/linglong-tools/cmd/info.go:70.16,72.3 1 0
github.com/myml/linglong-tools/cmd/info.go:73.2,76.16 3 1
github.com/myml/linglong-tools/cmd/info.go:76.16,78.3 1 0
github.com/myml/linglong-tools/cmd/info.go:80.2,80.32 1 1
github.com/myml/linglong-tools/cmd/info.go:80.32,82.17 2 1
github.com/myml/linglong-tools/cmd/info.go:82.17,84.4 1 0
github.com/myml/linglong-tools/cmd/info.go:85.3,86.17 2 1
github.com/myml/linglong-tools/cmd/info.go:86.17,88.4 1 1
github.com/myml/linglong-tools/cmd/info.go:89.3,89.13 1 1
github.com/myml/linglong-tools/cmd/info.go:91.2,92.25 2 1
github.com/myml/linglong-tools/cmd/info.go:92.25,94.3 1 1
github.com/myml/linglong-tools/cmd/info.go:95.2,96.16 2 1
github.com/myml/linglong-tools/cmd/info.go:96.16,98.3 1 0
github.com/myml/linglong-tools/cmd/info.go:99.2,99.12 1 1
github.com/myml/linglong-tools/cmd/info.go:102.35,104.16 2 0
github.com/myml/linglong-tools/cmd/info.go:104.16,106.3 1 0
github.com/myml/linglong-tools/cmd/info.go:107.2,115.29 4 0
github.com/myml/linglong-tools/cmd/info.go:115.29,116.40 1 0
github.com/myml/linglong-tools/cmd/info.go:116.40,119.18 3 0
github.com/myml/linglong-tools/cmd/info.go:119.18,121.5 1 0
github.com/myml/linglong-tools/cmd/info.go:122.4,123.9 2 0
github.com/myml/linglong-tools/cmd/info.go:126.2,126.19 1 0
github.com/myml/linglong-tools/cmd/info.go:126.19,128.3 1 0
github.com/myml/linglong-tools/cmd/info.go:129.2,129.22 1 0
github.com/myml/linglong-tools/cmd/info.go:129.22,131.3 1 0
github.com/myml/linglong-tools/cmd/info.go:132.2,132.32 1 0
github.com/myml/linglong-tools/cmd/info.go:132.32,134.17 2 0
github.com/myml/linglong-tools/cmd/info.go:134.17,136.4 1 0
github.com/myml/linglong-tools/cmd/info.go:138.3,139.17 2 0
github.com/myml/linglong-tools/cmd/info.go:139.17,141.4 1 0
github.com/myml/linglong-tools/cmd/info.go:143.3,143.13 1 0
github.com/myml/linglong-tools/cmd/info.go:146.2,147.25 2 0
github.com/myml/linglong-tools/cmd/info.go:147.25,149.3 1 0
github.com/myml/linglong-tools/cmd/info.go:150.2,151.16 2 0
github.com/myml/linglong-tools/cmd/info.go:151.16,153.3 1 0
github.com/myml/linglong-tools/cmd/info.go:155.2,155.12 1 0
github.com/myml/linglong-tools/cmd/insert.go:24.37,36.48 2 0
github.com/myml/linglong-tools/cmd/insert.go:36.48,38.18 2 0
github.com/myml/linglong-tools/cmd/insert.go:38.18,40.5 1 0
github.com/myml/linglong-tools/cmd/insert.go:43.2,48.16 6 0
github.com/myml/linglong-tools/cmd/insert.go:48.16,49.13 1 0
github.com/myml/linglong-tools/cmd/insert.go:51.2,52.16 2 0
github.com/myml/linglong-tools/cmd/insert.go:52.16,53.13 1 0
github.com/myml/linglong-tools/cmd/insert.go:56.2,56.17 1 0
github.com/myml/linglong-tools/cmd/insert.go:59.39,60.50 1 0
github.com/myml/linglong-tools/cmd/insert.go:61.16,62.28 1 0
github.com/myml/linglong-tools/cmd/insert.go:63.14,64.26 1 0
github.com/myml/linglong-tools/cmd/insert.go:65.10,66.67 1 0
github.com/myml/linglong-tools/cmd/insert.go:70.40,72.16 2 0
github.com/myml/linglong-tools/cmd/insert.go:72.16,74.3 1 0
github.com/myml/linglong-tools/cmd/insert.go:75.2,75.23 1 0
github.com/myml/linglong-tools/cmd/insert.go:75.23,77.21 2 0
github.com/myml/linglong-tools/cmd/insert.go:77.21,78.12 1 0
github.com/myml/linglong-tools/cmd/insert.go:80.3,82.17 3 0
github.com/myml/linglong-tools/cmd/insert.go:82.17,83.38 1 0
github.com/myml/linglong-tools/cmd/insert.go:83.38,85.19 2 0
github.com/myml/linglong-tools/cmd/insert.go:85.19,87.6 1 0
github.com/myml/linglong-tools/cmd/insert.go:88.10,90.5 1 0
github.com/myml/linglong-tools/cmd/insert.go:92.3,93.17 2 0
github.com/myml/linglong-tools/cmd/insert.go:93.17,95.4 1 0
github.com/myml/linglong-tools/cmd/insert.go:97.2,97.12 1 0
github.com/myml/linglong-tools/cmd/insert.go:100.38,103.16 2 0
github.com/myml/linglong-tools/cmd/insert.go:103.16,105.3 1 0
github.com/myml/linglong-tools/cmd/insert.go:106.2,110.16 3 0
github.com/myml/linglong-tools/cmd/insert.go:110.16,112.3 1 0
github.com/myml/linglong-tools/cmd/insert.go:113.2,117.12 3 0
github.com/myml/linglong-tools/cmd/insert.go:120.40,122.16 2 0
github.com/myml/linglong-tools/cmd/insert.go:122.16,124.3 1 0
github.com/myml/linglong-tools/cmd/insert.go:125.2,126.16 2 0
github.com/myml/linglong-tools/cmd/insert.go:126.16,128.3 1 0
github.com/myml/linglong-tools/cmd/insert.go:130.2,130.19 1 0
github.com/myml/linglong-tools/cmd/insert.go:130.19,132.3 1 0
github.com/myml/linglong-tools/cmd/insert.go:134.2,135.16 2 0
github.com/myml/linglong-tools/cmd/insert.go:135.16,137.3 1 0
github.com/myml/linglong-tools/cmd/insert.go:138.2,141.16 3 0
github.com/myml/linglong-tools/cmd/insert.go:141.16,143.3 1 0
github.com/myml/linglong-tools/cmd/insert.go:144.2,144.30 1 0
github.com/myml/linglong-tools/cmd/insert.go:144.30,146.17 2 0
github.com/myml/linglong-tools/cmd/insert.go:146.17,148.4 1 0
github.com/myml/linglong-tools/cmd/insert.go:151.2,151.35 1 0
github.com/myml/linglong-tools/cmd/insert.go:151.35,153.3 1 0
github.com/myml/linglong-tools/cmd/insert.go:154.2,154.50 1 0
github.com/myml/linglong-tools/cmd/insert.go:157.42,159.16 2 0
github.com/myml/linglong-tools/cmd/insert.go:159.16,161.3 1 0
github.com/myml/linglong-tools/cmd/insert.go:162.2,163.16 2 0
github.com/myml/linglong-tools/cmd/insert.go:163.16,165.3 1 0
github.com/myml/linglong-tools/cmd/insert.go:166.2,167.16 2 0
github.com/myml/linglong-tools/cmd/insert.go:167.16,169.3 1 0
github.com/myml/linglong-tools/cmd/insert.go:170.2,170.12 1 0
github.com/myml/linglong-tools/cmd/meta.go:19.35,28.48 2 0
github.com/myml/linglong-tools/cmd/meta.go:28.48,30.18 2 0
github.com/myml/linglong-tools/cmd/meta.go:30.18,32.5 1 0
github.com/myml/linglong-tools/cmd/meta.go:36.2,38.16 3 0
github.com/myml/linglong-tools/cmd/meta.go:38.16,39.13 1 0
github.com/myml/linglong-tools/cmd/meta.go:41.2,41.17 1 0
github.com/myml/linglong-tools/cmd/meta.go:44.35,45.50 1 0
github.com/myml/linglong-tools/cmd/meta.go:46.16,48.17 2 0
github.com/myml/linglong-tools/cmd/meta.go:48.17,50.4 1 0
github.com/myml/linglong-tools/cmd/meta.go:51.3,54.17 3 0
github.com/myml/linglong-tools/cmd/meta.go:54.17,56.4 1 0
github.com/myml/linglong-tools/cmd/meta.go:57.3,57.36 1 0
github.com/myml/linglong-tools/cmd/meta.go:58.14,60.17 2 0
github.com/myml/linglong-tools/cmd/meta.go:60.17,62.4 1 0
github.com/myml/linglong-tools/cmd/meta.go:63.3,65.17 3 0
github.com/myml/linglong-tools/cmd/meta.go:65.17,67.4 1 0
github.com/myml/linglong-tools/cmd/meta.go:68.10,69.67 1 0
github.com/myml/linglong-tools/cmd/meta.go:71.2,71.12 1 0
github.com/myml/linglong-tools/cmd/push.go:30.13,32.2 1 1
github.com/myml/linglong-tools/cmd/push.go:34.35,45.48 2 1
github.com/myml/linglong-tools/cmd/push.go:45.48,46.28 1 0
github.com/myml/linglong-tools/cmd/push.go:46.28,49.5 2 0
github.com/myml/linglong-tools/cmd/push.go:50.4,51.18 2 0
github.com/myml/linglong-tools/cmd/push.go:51.18,53.34 2 0
github.com/myml/linglong-tools/cmd/push.go:53.34,55.6 1 0
github.com/myml/linglong-tools/cmd/push.go:55.11,57.6 1 0
github.com/myml/linglong-tools/cmd/push.go:61.2,67.16 7 1
github.com/myml/linglong-tools/cmd/push.go:67.16,68.13 1 0
github.com/myml/linglong-tools/cmd/push.go:70.2,70.17 1 1
github.com/myml/linglong-tools/cmd/push.go:82.91,85.16 3 0
github.com/myml/linglong-tools/cmd/push.go:85.16,87.3 1 0
github.com/myml/linglong-tools/cmd/push.go:88.2,91.16 4 0
github.com/myml/linglong-tools/cmd/push.go:91.16,93.3 1 0
github.com/myml/linglong-tools/cmd/push.go:94.2,94.37 1 0
github.com/myml/linglong-tools/cmd/push.go:94.37,96.3 1 0
github.com/myml/linglong-tools/cmd/push.go:97.2,99.2 2 0
github.com/myml/linglong-tools/cmd/push.go:99.2,103.13 4 0
github.com/myml/linglong-tools/cmd/push.go:103.13,106.18 3 0
github.com/myml/linglong-tools/cmd/push.go:106.18,109.5 2 0
github.com/myml/linglong-tools/cmd/push.go:110.4,110.49 1 0
github.com/myml/linglong-tools/cmd/push.go:110.49,113.5 2 0
github.com/myml/linglong-tools/cmd/push.go:114.4,115.18 2 0
github.com/myml/linglong-tools/cmd/push.go:115.18,118.5 2 0
github.com/myml/linglong-tools/cmd/push.go:120.3,122.17 3 0
github.com/myml/linglong-tools/cmd/push.go:122.17,124.4 1 0
github.com/myml/linglong-tools/cmd/push.go:125.3,128.17 4 0
github.com/myml/linglong-tools/cmd/push.go:128.17,130.4 1 0
github.com/myml/linglong-tools/cmd/push.go:131.3,132.39 2 0
github.com/myml/linglong-tools/cmd/push.go:132.39,134.4 1 0
github.com/myml/linglong-tools/cmd/push.go:136.2,137.6 2 0
github.com/myml/linglong-tools/cmd/push.go:137.6,140.17 3 0
github.com/myml/linglong-tools/cmd/push.go:140.17,142.4 1 0
github.com/myml/linglong-tools/cmd/push.go:143.3,143.43 1 0
github.com/myml/linglong-tools/cmd/push.go:143.43,145.4 1 0
github.com/myml/linglong-tools/cmd/push.go:146.3,147.23 2 0
github.com/myml/linglong-tools/cmd/push.go:147.23,150.4 2 0
github.com/myml/linglong-tools/cmd/push.go:151.3,151.25 1 0
github.com/myml/linglong-tools/cmd/push.go:151.25,153.4 1 0
github.com/myml/linglong-tools/cmd/push.go:154.3,154.27 1 0
github.com/myml/linglong-tools/cmd/push.go:154.27,156.4 1 0
github.com/myml/linglong-tools/cmd/push.go:161.80,163.16 2 0
github.com/myml/linglong-tools/cmd/push.go:163.16,165.3 1 0
github.com/myml/linglong-tools/cmd/push.go:166.2,168.16 3 0
github.com/myml/linglong-tools/cmd/push.go:168.16,170.3 1 0
github.com/myml/linglong-tools/cmd/push.go:171.2,171.19 1 0
github.com/myml/linglong-tools/cmd/push.go:171.19,173.3 1 0
github.com/myml/linglong-tools/cmd/push.go:174.2,174.22 1 0
github.com/myml/linglong-tools/cmd/push.go:174.22,176.3 1 0
github.com/myml/linglong-tools/cmd/push.go:177.2,185.16 3 0
github.com/myml/linglong-tools/cmd/push.go:185.16,187.3 1 0
github.com/myml/linglong-tools/cmd/push.go:188.2,188.41 1 0
github.com/myml/linglong-tools/cmd/push.go:192.56,195.16 3 0
github.com/myml/linglong-tools/cmd/push.go:195.16,197.3 1 0
github.com/myml/linglong-tools/cmd/push.go:198.2,200.16 3 0
github.com/myml/linglong-tools/cmd/push.go:200.16,202.3 1 0
github.com/myml/linglong-tools/cmd/push.go:203.2,205.6 3 0
github.com/myml/linglong-tools/cmd/push.go:205.6,207.17 2 0
github.com/myml/linglong-tools/cmd/push.go:207.17,209.4 1 0
github.com/myml/linglong-tools/cmd/push.go:210.3,210.35 1 0
github.com/myml/linglong-tools/cmd/push.go:210.35,212.18 2 0
github.com/myml/linglong-tools/cmd/push.go:212.18,214.5 1 0
github.com/myml/linglong-tools/cmd/push.go:215.4,215.24 1 0
github.com/myml/linglong-tools/cmd/push.go:215.24,217.5 1 0
github.com/myml/linglong-tools/cmd/push.go:218.4,218.9 1 0
github.com/myml/linglong-tools/cmd/push.go:221.2,229.16 3 0
github.com/myml/linglong-tools/cmd/push.go:229.16,231.3 1 0
github.com/myml/linglong-tools/cmd/push.go:232.2,232.41 1 0
github.com/myml/linglong-tools/cmd/push.go:236.58,238.16 2 1
github.com/myml/linglong-tools/cmd/push.go:238.16,240.3 1 0
github.com/myml/linglong-tools/cmd/push.go:241.2,243.17 2 1
github.com/myml/linglong-tools/cmd/push.go:243.17,245.17 2 0
github.com/myml/linglong-tools/cmd/push.go:245.17,247.4 1 0
github.com/myml/linglong-tools/cmd/push.go:248.3,251.17 4 0
github.com/myml/linglong-tools/cmd/push.go:251.17,253.4 1 0
github.com/myml/linglong-tools/cmd/push.go:254.3,255.17 2 0
github.com/myml/linglong-tools/cmd/push.go:255.17,257.4 1 0
github.com/myml/linglong-tools/cmd/push.go:258.3,258.13 1 0
github.com/myml/linglong-tools/cmd/push.go:261.2,262.16 2 1
github.com/myml/linglong-tools/cmd/push.go:262.16,264.3 1 0
github.com/myml/linglong-tools/cmd/push.go:265.2,267.16 3 1
github.com/myml/linglong-tools/cmd/push.go:267.16,269.3 1 0
github.com/myml/linglong-tools/cmd/push.go:270.2,271.16 2 1
github.com/myml/linglong-tools/cmd/push.go:271.16,273.3 1 0
github.com/myml/linglong-tools/cmd/push.go:274.2,276.16 3 1
github.com/myml/linglong-tools/cmd/push.go:276.16,278.3 1 0
github.com/myml/linglong-tools/cmd/push.go:279.2,289.16 5 1
github.com/myml/linglong-tools/cmd/push.go:289.16,291.3 1 0
github.com/myml/linglong-tools/cmd/push.go:292.2,292.37 1 1
github.com/myml/linglong-tools/cmd/push.go:292.37,294.3 1 0
github.com/myml/linglong-tools/cmd/push.go:295.2,298.2 2 1
github.com/myml/linglong-tools/cmd/push.go:298.2,300.17 2 1
github.com/myml/linglong-tools/cmd/push.go:300.17,302.4 1 0
github.com/myml/linglong-tools/cmd/push.go:303.3,306.13 4 1
github.com/myml/linglong-tools/cmd/push.go:306.13,309.18 3 1
github.com/myml/linglong-tools/cmd/push.go:309.18,312.5 2 0
github.com/myml/linglong-tools/cmd/push.go:313.4,313.45 1 1
github.com/myml/linglong-tools/cmd/push.go:313.45,316.5 2 0
github.com/myml/linglong-tools/cmd/push.go:317.4,318.18 2 1
github.com/myml/linglong-tools/cmd/push.go:318.18,321.5 2 0
github.com/myml/linglong-tools/cmd/push.go:323.3,325.17 3 1
github.com/myml/linglong-tools/cmd/push.go:325.17,327.4 1 0
github.com/myml/linglong-tools/cmd/push.go:328.3,331.17 4 1
github.com/myml/linglong-tools/cmd/push.go:331.17,333.4 1 0
github.com/myml/linglong-tools/cmd/push.go:334.3,335.39 2 1
github.com/myml/linglong-tools/cmd/push.go:335.39,337.4 1 0
github.com/myml/linglong-tools/cmd/push.go:340.2,341.6 2 1
github.com/myml/linglong-tools/cmd/push.go:341.6,344.17 3 1
github.com/myml/linglong-tools/cmd/push.go:344.17,346.4 1 0
github.com/myml/linglong-tools/cmd/push.go:347.3,347.43 1 1
github.com/myml/linglong-tools/cmd/push.go:347.43,349.4 1 0
github.com/myml/linglong-tools/cmd/push.go:350.3,351.23 2 1
github.com/myml/linglong-tools/cmd/push.go:351.23,354.4 2 1
github.com/myml/linglong-tools/cmd/push.go:355.3,355.25 1 1
github.com/myml/linglong-tools/cmd/push.go:355.25,357.4 1 0
github.com/myml/linglong-tools/cmd/push.go:358.3,358.27 1 1
github.com/myml/linglong-tools/cmd/push.go:358.27,360.4 1 1
github.com/myml/linglong-tools/cmd/push.go:365.56,367.16 2 0
github.com/myml/linglong-tools/cmd/push.go:367.16,369.3 1 0
github.com/myml/linglong-tools/cmd/push.go:370.2,372.16 3 0
github.com/myml/linglong-tools/cmd/push.go:372.16,374.3 1 0
github.com/myml/linglong-tools/cmd/push.go:375.2,376.16 2 0
github.com/myml/linglong-tools/cmd/push.go:376.16,378.3 1 0
github.com/myml/linglong-tools/cmd/push.go:379.2,382.16 4 0
github.com/myml/linglong-tools/cmd/push.go:382.16,384.3 1 0
github.com/myml/linglong-tools/cmd/push.go:385.2,386.16 2 0
github.com/myml/linglong-tools/cmd/push.go:386.16,388.3 1 0
github.com/myml/linglong-tools/cmd/push.go:389.2,389.12 1 0
github.com/myml/linglong-tools/cmd/push.go:392.56,393.45 1 1
github.com/myml/linglong-tools/cmd/push.go:394.16,395.30 1 1
github.com/myml/linglong-tools/cmd/push.go:396.14,397.28 1 0
github.com/myml/linglong-tools/cmd/push.go:398.14,399.28 1 0
github.com/myml/linglong-tools/cmd/push.go:400.10,401.62 1 0
github.com/myml/linglong-tools/cmd/push.go:405.20,421.36 2 0
github.com/myml/linglong-tools/cmd/push.go:421.36,423.3 1 0
github.com/myml/linglong-tools/cmd/search.go:21.13,23.2 1 1
github.com/myml/linglong-tools/cmd/search.go:37.68,39.16 2 0
github.com/myml/linglong-tools/cmd/search.go:39.16,41.3 1 0
github.com/myml/linglong-tools/cmd/search.go:42.2,50.16 2 0
github.com/myml/linglong-tools/cmd/search.go:50.16,52.32 2 0
github.com/myml/linglong-tools/cmd/search.go:52.32,53.82 1 0
github.com/myml/linglong-tools/cmd/search.go:53.82,56.5 2 0
github.com/myml/linglong-tools/cmd/search.go:58.3,58.49 1 0
github.com/myml/linglong-tools/cmd/search.go:61.2,61.64 1 0
github.com/myml/linglong-tools/cmd/search.go:61.64,64.3 2 0
github.com/myml/linglong-tools/cmd/search.go:65.2,66.25 2 0
github.com/myml/linglong-tools/cmd/search.go:66.25,68.3 1 0
github.com/myml/linglong-tools/cmd/search.go:69.2,69.41 1 0
github.com/myml/linglong-tools/cmd/search.go:72.37,79.48 2 1
github.com/myml/linglong-tools/cmd/search.go:79.48,81.18 2 0
github.com/myml/linglong-tools/cmd/search.go:81.18,83.34 2 0
github.com/myml/linglong-tools/cmd/search.go:83.34,85.6 1 0
github.com/myml/linglong-tools/cmd/search.go:85.11,87.6 1 0
github.com/myml/linglong-tools/cmd/search.go:91.2,100.16 10 1
github.com/myml/linglong-tools/cmd/search.go:100.16,101.13 1 0
github.com/myml/linglong-tools/cmd/search.go:103.2,103.18 1 1
github.com/myml/linglong-tools/cmd/utils.go:24.111,26.16 2 1
github.com/myml/linglong-tools/cmd/utils.go:26.16,28.3 1 0
github.com/myml/linglong-tools/cmd/utils.go:30.2,33.11 4 1
github.com/myml/linglong-tools/cmd/utils.go:33.11,35.20 2 1
github.com/myml/linglong-tools/cmd/utils.go:35.20,38.4 2 1
github.com/myml/linglong-tools/cmd/utils.go:39.3,41.17 3 1
github.com/myml/linglong-tools/cmd/utils.go:41.17,43.4 1 0
github.com/myml/linglong-tools/cmd/utils.go:44.3,44.39 1 1
github.com/myml/linglong-tools/cmd/utils.go:44.39,46.4 1 0
github.com/myml/linglong-tools/cmd/utils.go:47.3,47.50 1 1
github.com/myml/linglong-tools/cmd/utils.go:49.2,49.32 1 0
github.com/myml/linglong-tools/cmd/version.go:9.38,13.48 1 0
github.com/myml/linglong-tools/cmd/version.go:13.48,15.4 1 0
